<html>
<body>
<pre>
<h1>Vision Build Log</h1>
<h2>Tool Versions:</h2>
IDE-Version: μVision V5.11.2.0
Copyright (C) 2014 ARM Ltd and ARM Germany GmbH. All rights reserved.
License Information: Chen JH, SHWK, LIC=AT2BS-L2R6T-6DWKF-62NQ0-5NI0K-RFABK
 
Tool Versions:
Toolchain:       PK51 Prof. Developers Kit  Version: 9.53.0.0
Toolchain Path:  d:\Keil_v5\C51\BIN
C Compiler:      C51.exe V9.53.0.0
Assembler:       A51.exe V8.02b
Linker/Locator:  BL51.exe V6.22
Library Manager: LIB51.exe V4.30.0.2
Hex Converter:   OH51.exe V2.7.0.0
CPU DLL:         S8051.DLL V3.95.0.0
Dialog DLL:      DP51.DLL V2.62.0.1 
<h2>Project:</h2>
C:\Users\J.H\Desktop\STC_Library\example\eeprom\project\projectLib.uvproj
Project File Date:  06/12/2015

<h2>Output:</h2>
Build target 'Target 1'
compiling C51_ADC.C...
compiling C51_GPIO.C...
compiling C51_Timer.C...
compiling C51_EEPROM.C...
compiling C51_Uart.C...
compiling C51_Hardware_Init.C...
compiling user_main.c...
linking...
Program Size: data=142.0 xdata=121 code=3441
creating hex file from "projectLib"...
User command #1: copyfile.bat
文件bin\app.hex已经存在，自动备份**覆盖原有备份**
移动了         1 个文件。
移动了         1 个文件。
"projectLib" - 0 Error(s), 0 Warning(s).
</pre>
</body>
</html>
C141: syntax error near 'addr', expected ')'
compiling C51_Timer.C...
..\lib\inc\C51_EEPROM.H(28): error C141: syntax error near 'addr', expected ')'
..\lib\inc\C51_EEPROM.H(30): error C141: syntax error near 'addr', expected ')'
..\lib\inc\C51_EEPROM.H(32): error C141: syntax error near 'addr', expected ')'
compiling C51_EEPROM.C...
..\lib\inc\C51_EEPROM.H(28): error C141: syntax error near 'addr', expected ')'
..\lib\inc\C51_EEPROM.H(30): error C141: syntax error near 'addr', expected ')'
..\lib\inc\C51_EEPROM.H(32): error C141: syntax error near 'addr', expected ')'
..\lib\src\C51_EEPROM.C(44): error C236: '_EEPROM_read': different length of parameter lists
..\lib\src\C51_EEPROM.C(76): error C236: '_EEPROM_write': different length of parameter lists
compiling C51_Uart.C...
..\lib\inc\C51_EEPROM.H(28): error C141: syntax error near 'addr', expected ')'
..\lib\inc\C51_EEPROM.H(30): error C141: syntax error near 'addr', expected ')'
..\lib\inc\C51_EEPROM.H(32): error C141: syntax error near 'addr', expected ')'
compiling C51_Hardware_Init.C...
..\lib\inc\C51_EEPROM.H(28): error C141: syntax error near 'addr', expected ')'
..\lib\inc\C51_EEPROM.H(30): error C141: syntax error near 'addr', expected ')'
..\lib\inc\C51_EEPROM.H(32): error C141: syntax error near 'addr', expected ')'
compiling user_main.c...
..\lib\inc\C51_EEPROM.H(28): error C141: syntax error near 'addr', expected ')'
..\lib\inc\C51_EEPROM.H(30): error C141: syntax error near 'addr', expected ')'
..\lib\inc\C51_EEPROM.H(32): error C141: syntax error near 'addr', expected ')'
Target not created.
